<?xml version="1.0" encoding="UTF-8"?>
<coverage generated="1698002204795" clover="3.2.0">
  <project timestamp="1698002204795" name="All files">
    <metrics statements="12" coveredstatements="9" conditionals="2" coveredconditionals="0" methods="3" coveredmethods="1" elements="17" coveredelements="10" complexity="0" loc="12" ncloc="12" packages="1" files="1" classes="1"/>
    <file name="app.js" path="/Users/guillermoj.mirandagaleote/Desktop/ISDI/curso/week2/GAME OF LIFE/js/app.js">
      <metrics statements="12" coveredstatements="9" conditionals="2" coveredconditionals="0" methods="3" coveredmethods="1"/>
      <line num="3" count="100" type="stmt"/>
      <line num="4" count="100" type="stmt"/>
      <line num="5" count="100" type="stmt"/>
      <line num="6" count="100" type="stmt"/>
      <line num="7" count="100" type="stmt"/>
      <line num="11" count="0" type="cond" truecount="0" falsecount="2"/>
      <line num="12" count="0" type="stmt"/>
      <line num="13" count="0" type="stmt"/>
      <line num="18" count="1" type="stmt"/>
      <line num="20" count="1" type="stmt"/>
      <line num="21" count="100" type="stmt"/>
      <line num="26" count="1" type="stmt"/>
    </file>
  </project>
</coverage>
