{"/Users/guillermoj.mirandagaleote/Desktop/ISDI/curso/week2/GAME OF LIFE/js/app.js": {"path":"/Users/guillermoj.mirandagaleote/Desktop/ISDI/curso/week2/GAME OF LIFE/js/app.js","statementMap":{"0":{"start":{"line":3,"column":4},"end":{"line":3,"column":15}},"1":{"start":{"line":4,"column":4},"end":{"line":4,"column":21}},"2":{"start":{"line":5,"column":4},"end":{"line":5,"column":17}},"3":{"start":{"line":6,"column":4},"end":{"line":6,"column":27}},"4":{"start":{"line":7,"column":4},"end":{"line":7,"column":34}},"5":{"start":{"line":11,"column":4},"end":{"line":15,"column":5}},"6":{"start":{"line":12,"column":6},"end":{"line":14,"column":7}},"7":{"start":{"line":13,"column":8},"end":{"line":13,"column":22}},"8":{"start":{"line":18,"column":23},"end":{"line":18,"column":25}},"9":{"start":{"line":20,"column":0},"end":{"line":22,"column":1}},"10":{"start":{"line":20,"column":13},"end":{"line":20,"column":14}},"11":{"start":{"line":21,"column":2},"end":{"line":21,"column":63}},"12":{"start":{"line":26,"column":0},"end":{"line":26,"column":27}}},"fnMap":{"0":{"name":"(anonymous_0)","decl":{"start":{"line":2,"column":2},"end":{"line":2,"column":3}},"loc":{"start":{"line":2,"column":29},"end":{"line":8,"column":3}},"line":2},"1":{"name":"(anonymous_1)","decl":{"start":{"line":10,"column":2},"end":{"line":10,"column":3}},"loc":{"start":{"line":10,"column":25},"end":{"line":16,"column":3}},"line":10},"2":{"name":"(anonymous_2)","decl":{"start":{"line":12,"column":20},"end":{"line":12,"column":21}},"loc":{"start":{"line":13,"column":8},"end":{"line":13,"column":22}},"line":13}},"branchMap":{"0":{"loc":{"start":{"line":11,"column":4},"end":{"line":15,"column":5}},"type":"if","locations":[{"start":{"line":11,"column":4},"end":{"line":15,"column":5}},{"start":{},"end":{}}],"line":11}},"s":{"0":100,"1":100,"2":100,"3":100,"4":100,"5":0,"6":0,"7":0,"8":1,"9":1,"10":1,"11":100,"12":1},"f":{"0":100,"1":0,"2":0},"b":{"0":[0,0]},"_coverageSchema":"1a1c01bbd47fc00a2c39e90264f33305004495a9","hash":"c7ef7852758dfae042caebb359d9942a217d73b6"}
}
