{"/Users/guillermoj.mirandagaleote/Desktop/ISDI/curso/week3/w3ch3/src/components/components.ts": {"path":"/Users/guillermoj.mirandagaleote/Desktop/ISDI/curso/week3/w3ch3/src/components/components.ts","statementMap":{"0":{"start":{"line":7,"column":4},"end":{"line":7,"column":29}},"1":{"start":{"line":11,"column":20},"end":{"line":11,"column":57}},"2":{"start":{"line":12,"column":4},"end":{"line":12,"column":25}},"3":{"start":{"line":12,"column":18},"end":{"line":12,"column":25}},"4":{"start":{"line":13,"column":4},"end":{"line":13,"column":56}},"5":{"start":{"line":14,"column":4},"end":{"line":14,"column":45}},"6":{"start":{"line":2,"column":0},"end":{"line":2,"column":22}}},"fnMap":{"0":{"name":"(anonymous_0)","decl":{"start":{"line":6,"column":2},"end":{"line":6,"column":14}},"loc":{"start":{"line":6,"column":30},"end":{"line":8,"column":3}}},"1":{"name":"(anonymous_1)","decl":{"start":{"line":10,"column":2},"end":{"line":10,"column":8}},"loc":{"start":{"line":10,"column":47},"end":{"line":15,"column":3}}}},"branchMap":{"0":{"loc":{"start":{"line":10,"column":9},"end":{"line":10,"column":47}},"type":"default-arg","locations":[{"start":{"line":10,"column":36},"end":{"line":10,"column":47}}]},"1":{"loc":{"start":{"line":12,"column":4},"end":{"line":12,"column":25}},"type":"if","locations":[{"start":{"line":12,"column":4},"end":{"line":12,"column":25}}]}},"s":{"0":1,"1":1,"2":1,"3":0,"4":1,"5":1,"6":1},"f":{"0":1,"1":1},"b":{"0":[1],"1":[0]}}
,"/Users/guillermoj.mirandagaleote/Desktop/ISDI/curso/week3/w3ch3/src/components/footer.ts": {"path":"/Users/guillermoj.mirandagaleote/Desktop/ISDI/curso/week3/w3ch3/src/components/footer.ts","statementMap":{"0":{"start":{"line":1,"column":0},"end":{"line":1,"column":41}},"1":{"start":{"line":5,"column":6},"end":{"line":5,"column":22}},"2":{"start":{"line":6,"column":6},"end":{"line":6,"column":44}},"3":{"start":{"line":7,"column":6},"end":{"line":7,"column":20}},"4":{"start":{"line":11,"column":6},"end":{"line":15,"column":8}},"5":{"start":{"line":3,"column":0},"end":{"line":3,"column":13}}},"fnMap":{"0":{"name":"(anonymous_0)","decl":{"start":{"line":4,"column":4},"end":{"line":4,"column":16}},"loc":{"start":{"line":4,"column":32},"end":{"line":8,"column":5}}},"1":{"name":"(anonymous_1)","decl":{"start":{"line":10,"column":4},"end":{"line":10,"column":18}},"loc":{"start":{"line":10,"column":18},"end":{"line":16,"column":5}}}},"branchMap":{},"s":{"0":1,"1":1,"2":1,"3":1,"4":1,"5":1},"f":{"0":1,"1":1},"b":{}}
}
